{"contracts/ERC20Token.sol":{"l":{"12":3,"13":3,"14":3},"path":"/Users/vishwjeetmeena/Desktop/Training/Blockchain/Proxies-Tutorial/MinimalProxy.sol/contracts/ERC20Token.sol","s":{"1":3,"2":3,"3":3},"b":{"1":[3,1]},"f":{"1":3},"fnMap":{"1":{"name":"initialize","line":11,"loc":{"start":{"line":11,"column":4},"end":{"line":15,"column":4}}}},"statementMap":{"1":{"start":{"line":12,"column":8},"end":{"line":12,"column":33}},"2":{"start":{"line":13,"column":8},"end":{"line":13,"column":33}},"3":{"start":{"line":14,"column":8},"end":{"line":14,"column":36}}},"branchMap":{"1":{"line":11,"type":"if","locations":[{"start":{"line":11,"column":156},"end":{"line":11,"column":156}},{"start":{"line":11,"column":156},"end":{"line":11,"column":156}}]}}},"contracts/ERC20TokenFactory.sol":{"l":{"45":1,"46":1,"64":3,"65":1,"67":2,"70":3,"72":3,"74":3,"76":3,"78":3,"86":1,"87":1,"96":2},"path":"/Users/vishwjeetmeena/Desktop/Training/Blockchain/Proxies-Tutorial/MinimalProxy.sol/contracts/ERC20TokenFactory.sol","s":{"1":3,"2":3,"3":3,"4":3,"5":3,"6":3,"7":2},"b":{"1":[1,2],"2":[1,1]},"f":{"1":1,"2":3,"3":1,"4":2},"fnMap":{"1":{"name":"constructor","line":44,"loc":{"start":{"line":44,"column":4},"end":{"line":47,"column":4}}},"2":{"name":"deploy","line":57,"loc":{"start":{"line":57,"column":4},"end":{"line":79,"column":4}}},"3":{"name":"changeFeeMode","line":85,"loc":{"start":{"line":85,"column":4},"end":{"line":88,"column":4}}},"4":{"name":"getCloneAddress","line":95,"loc":{"start":{"line":95,"column":4},"end":{"line":97,"column":4}}}},"statementMap":{"1":{"start":{"line":64,"column":8},"end":{"line":64,"column":2174}},"2":{"start":{"line":70,"column":8},"end":{"line":70,"column":77}},"3":{"start":{"line":72,"column":8},"end":{"line":72,"column":74}},"4":{"start":{"line":74,"column":8},"end":{"line":74,"column":66}},"5":{"start":{"line":76,"column":8},"end":{"line":76,"column":62}},"6":{"start":{"line":78,"column":8},"end":{"line":78,"column":98}},"7":{"start":{"line":96,"column":8},"end":{"line":96,"column":71}}},"branchMap":{"1":{"line":64,"type":"if","locations":[{"start":{"line":64,"column":8},"end":{"line":64,"column":8}},{"start":{"line":64,"column":8},"end":{"line":64,"column":8}}]},"2":{"line":85,"type":"if","locations":[{"start":{"line":85,"column":36},"end":{"line":85,"column":36}},{"start":{"line":85,"column":36},"end":{"line":85,"column":36}}]}}}}