{"contracts/ERC20Token.sol":{"l":{"36":3,"37":3,"38":3},"path":"/Users/vishwjeetmeena/Desktop/Training/Blockchain/Proxies-Tutorial/MinimalProxy.sol/contracts/ERC20Token.sol","s":{"1":3,"2":3,"3":3},"b":{"1":[3,1]},"f":{"1":3},"fnMap":{"1":{"name":"initialize","line":35,"loc":{"start":{"line":28,"column":4},"end":{"line":39,"column":4}}}},"statementMap":{"1":{"start":{"line":36,"column":8},"end":{"line":36,"column":33}},"2":{"start":{"line":37,"column":8},"end":{"line":37,"column":33}},"3":{"start":{"line":38,"column":8},"end":{"line":38,"column":36}}},"branchMap":{"1":{"line":35,"type":"if","locations":[{"start":{"line":35,"column":15},"end":{"line":35,"column":15}},{"start":{"line":35,"column":15},"end":{"line":35,"column":15}}]}}},"contracts/ERC20TokenFactory.sol":{"l":{"50":1,"51":1,"69":3,"70":1,"72":2,"75":3,"77":3,"79":3,"81":3,"89":1,"90":1,"91":1,"100":2},"path":"/Users/vishwjeetmeena/Desktop/Training/Blockchain/Proxies-Tutorial/MinimalProxy.sol/contracts/ERC20TokenFactory.sol","s":{"1":3,"2":3,"3":3,"4":3,"5":3,"6":1,"7":2},"b":{"1":[1,2],"2":[1,1]},"f":{"1":1,"2":3,"3":1,"4":2},"fnMap":{"1":{"name":"constructor","line":49,"loc":{"start":{"line":49,"column":4},"end":{"line":52,"column":4}}},"2":{"name":"deploy","line":62,"loc":{"start":{"line":62,"column":4},"end":{"line":82,"column":4}}},"3":{"name":"changeFeeMode","line":88,"loc":{"start":{"line":88,"column":4},"end":{"line":92,"column":4}}},"4":{"name":"getCloneAddress","line":99,"loc":{"start":{"line":99,"column":4},"end":{"line":101,"column":4}}}},"statementMap":{"1":{"start":{"line":69,"column":8},"end":{"line":69,"column":2433}},"2":{"start":{"line":75,"column":8},"end":{"line":75,"column":77}},"3":{"start":{"line":77,"column":8},"end":{"line":77,"column":66}},"4":{"start":{"line":79,"column":8},"end":{"line":79,"column":98}},"5":{"start":{"line":81,"column":8},"end":{"line":81,"column":59}},"6":{"start":{"line":91,"column":8},"end":{"line":91,"column":49}},"7":{"start":{"line":100,"column":8},"end":{"line":100,"column":71}}},"branchMap":{"1":{"line":69,"type":"if","locations":[{"start":{"line":69,"column":8},"end":{"line":69,"column":8}},{"start":{"line":69,"column":8},"end":{"line":69,"column":8}}]},"2":{"line":88,"type":"if","locations":[{"start":{"line":88,"column":36},"end":{"line":88,"column":36}},{"start":{"line":88,"column":36},"end":{"line":88,"column":36}}]}}}}